<?xml version="1.0" encoding="UTF-8"?>
<testng-results ignored="0" total="1" passed="1" failed="0" skipped="0">
  <reporter-output>
  </reporter-output>
  <suite started-at="2024-06-05T20:35:10 IST" name="Default suite" finished-at="2024-06-05T20:35:15 IST" duration-ms="5352">
    <groups>
    </groups>
    <test started-at="2024-06-05T20:35:10 IST" name="Default test" finished-at="2024-06-05T20:35:15 IST" duration-ms="5352">
      <class name="pages.LoginTest">
        <test-method is-config="true" signature="lauchBrowser()[pri:0, instance:pages.LoginTest@5a45133e]" started-at="2024-06-05T20:35:10 IST" name="lauchBrowser" finished-at="2024-06-05T20:35:14 IST" duration-ms="3891" status="PASS">
          <reporter-output>
          </reporter-output>
        </test-method> <!-- lauchBrowser -->
        <test-method signature="verifyPageTitleTest()[pri:0, instance:pages.LoginTest@5a45133e]" started-at="2024-06-05T20:35:14 IST" name="verifyPageTitleTest" finished-at="2024-06-05T20:35:15 IST" duration-ms="662" status="PASS">
          <reporter-output>
          </reporter-output>
        </test-method> <!-- verifyPageTitleTest -->
        <test-method is-config="true" signature="afterMethod()[pri:0, instance:pages.LoginTest@5a45133e]" started-at="2024-06-05T20:35:15 IST" name="afterMethod" finished-at="2024-06-05T20:35:15 IST" duration-ms="739" status="PASS">
          <reporter-output>
          </reporter-output>
        </test-method> <!-- afterMethod -->
      </class> <!-- pages.LoginTest -->
    </test> <!-- Default test -->
  </suite> <!-- Default suite -->
</testng-results>
